# JRE version: OpenJDK Runtime Environment (11.0.11+9) (build 11.0.11+9-b60-7590822)
# Java VM: OpenJDK 64-Bit Server VM (11.0.11+9-b60-7590822, mixed mode, tiered, compressed oops, g1 gc, windows-amd64)
Heap:
 garbage-first heap   total 272384K, used 152818K [0x0000000080000000, 0x0000000100000000)
  region size 1024K, 20 young (20480K), 2 survivors (2048K)
 Metaspace       used 128356K, capacity 132398K, committed 132608K, reserved 1165312K
  class space    used 16156K, capacity 17682K, committed 17740K, reserved 1048576K
GC Heap History (20 events):
Event: 226.529 GC heap before
{Heap before GC invocations=109 (full 0):
 garbage-first heap   total 225280K, used 184029K [0x0000000080000000, 0x0000000100000000)
  region size 1024K, 30 young (30720K), 4 survivors (4096K)
 Metaspace       used 127894K, capacity 131934K, committed 132096K, reserved 1163264K
  class space    used 16137K, capacity 17648K, committed 17740K, reserved 1048576K
}
Event: 226.542 GC heap after
{Heap after GC invocations=110 (full 0):
 garbage-first heap   total 225280K, used 147782K [0x0000000080000000, 0x0000000100000000)
  region size 1024K, 4 young (4096K), 4 survivors (4096K)
 Metaspace       used 127894K, capacity 131934K, committed 132096K, reserved 1163264K
  class space    used 16137K, capacity 17648K, committed 17740K, reserved 1048576K
}
Event: 226.576 GC heap before
{Heap before GC invocations=110 (full 0):
 garbage-first heap   total 225280K, used 153926K [0x0000000080000000, 0x0000000100000000)
  region size 1024K, 11 young (11264K), 4 survivors (4096K)
 Metaspace       used 127907K, capacity 131934K, committed 132096K, reserved 1163264K
  class space    used 16137K, capacity 17648K, committed 17740K, reserved 1048576K
}
Event: 226.588 GC heap after
{Heap after GC invocations=111 (full 0):
 garbage-first heap   total 225280K, used 148481K [0x0000000080000000, 0x0000000100000000)
  region size 1024K, 2 young (2048K), 2 survivors (2048K)
 Metaspace       used 127907K, capacity 131934K, committed 132096K, reserved 1163264K
  class space    used 16137K, capacity 17648K, committed 17740K, reserved 1048576K
}
Event: 226.984 GC heap before
{Heap before GC invocations=111 (full 0):
 garbage-first heap   total 225280K, used 174081K [0x0000000080000000, 0x0000000100000000)
  region size 1024K, 28 young (28672K), 2 survivors (2048K)
 Metaspace       used 127922K, capacity 132000K, committed 132096K, reserved 1163264K
  class space    used 16137K, capacity 17648K, committed 17740K, reserved 1048576K
}
Event: 226.989 GC heap after
{Heap after GC invocations=112 (full 0):
 garbage-first heap   total 225280K, used 149391K [0x0000000080000000, 0x0000000100000000)
  region size 1024K, 3 young (3072K), 3 survivors (3072K)
 Metaspace       used 127922K, capacity 132000K, committed 132096K, reserved 1163264K
  class space    used 16137K, capacity 17648K, committed 17740K, reserved 1048576K
}
Event: 228.662 GC heap before
{Heap before GC invocations=113 (full 0):
 garbage-first heap   total 225280K, used 158607K [0x0000000080000000, 0x0000000100000000)
  region size 1024K, 31 young (31744K), 3 survivors (3072K)
 Metaspace       used 127929K, capacity 132002K, committed 132096K, reserved 1163264K
  class space    used 16137K, capacity 17648K, committed 17740K, reserved 1048576K
}
Event: 228.674 GC heap after
{Heap after GC invocations=114 (full 0):
 garbage-first heap   total 225280K, used 136689K [0x0000000080000000, 0x0000000100000000)
  region size 1024K, 4 young (4096K), 4 survivors (4096K)
 Metaspace       used 127929K, capacity 132002K, committed 132096K, reserved 1163264K
  class space    used 16137K, capacity 17648K, committed 17740K, reserved 1048576K
}
Event: 228.696 GC heap before
{Heap before GC invocations=114 (full 0):
 garbage-first heap   total 225280K, used 143857K [0x0000000080000000, 0x0000000100000000)
  region size 1024K, 11 young (11264K), 4 survivors (4096K)
 Metaspace       used 127929K, capacity 132002K, committed 132096K, reserved 1163264K
  class space    used 16137K, capacity 17648K, committed 17740K, reserved 1048576K
}
Event: 228.711 GC heap after
{Heap after GC invocations=115 (full 0):
 garbage-first heap   total 225280K, used 129174K [0x0000000080000000, 0x0000000100000000)
  region size 1024K, 2 young (2048K), 2 survivors (2048K)
 Metaspace       used 127929K, capacity 132002K, committed 132096K, reserved 1163264K
  class space    used 16137K, capacity 17648K, committed 17740K, reserved 1048576K
}
Event: 228.806 GC heap before
{Heap before GC invocations=115 (full 0):
 garbage-first heap   total 225280K, used 168086K [0x0000000080000000, 0x0000000100000000)
  region size 1024K, 40 young (40960K), 2 survivors (2048K)
 Metaspace       used 127951K, capacity 132002K, committed 132096K, reserved 1163264K
  class space    used 16137K, capacity 17648K, committed 17740K, reserved 1048576K
}
Event: 228.816 GC heap after
{Heap after GC invocations=116 (full 0):
 garbage-first heap   total 225280K, used 136192K [0x0000000080000000, 0x0000000100000000)
  region size 1024K, 5 young (5120K), 5 survivors (5120K)
 Metaspace       used 127951K, capacity 132002K, committed 132096K, reserved 1163264K
  class space    used 16137K, capacity 17648K, committed 17740K, reserved 1048576K
}
Event: 228.894 GC heap before
{Heap before GC invocations=116 (full 0):
 garbage-first heap   total 225280K, used 174080K [0x0000000080000000, 0x0000000100000000)
  region size 1024K, 42 young (43008K), 5 survivors (5120K)
 Metaspace       used 127951K, capacity 132002K, committed 132096K, reserved 1163264K
  class space    used 16137K, capacity 17648K, committed 17740K, reserved 1048576K
}
Event: 228.903 GC heap after
{Heap after GC invocations=117 (full 0):
 garbage-first heap   total 272384K, used 137492K [0x0000000080000000, 0x0000000100000000)
  region size 1024K, 1 young (1024K), 1 survivors (1024K)
 Metaspace       used 127951K, capacity 132002K, committed 132096K, reserved 1163264K
  class space    used 16137K, capacity 17648K, committed 17740K, reserved 1048576K
}
Event: 1801.503 GC heap before
{Heap before GC invocations=118 (full 0):
 garbage-first heap   total 272384K, used 219412K [0x0000000080000000, 0x0000000100000000)
  region size 1024K, 56 young (57344K), 1 survivors (1024K)
 Metaspace       used 128220K, capacity 132271K, committed 132608K, reserved 1165312K
  class space    used 16140K, capacity 17651K, committed 17740K, reserved 1048576K
}
Event: 1801.515 GC heap after
{Heap after GC invocations=119 (full 0):
 garbage-first heap   total 272384K, used 136542K [0x0000000080000000, 0x0000000100000000)
  region size 1024K, 1 young (1024K), 1 survivors (1024K)
 Metaspace       used 128220K, capacity 132271K, committed 132608K, reserved 1165312K
  class space    used 16140K, capacity 17651K, committed 17740K, reserved 1048576K
}
Event: 2411.781 GC heap before
{Heap before GC invocations=119 (full 0):
 garbage-first heap   total 272384K, used 148830K [0x0000000080000000, 0x0000000100000000)
  region size 1024K, 13 young (13312K), 1 survivors (1024K)
 Metaspace       used 128234K, capacity 132271K, committed 132608K, reserved 1165312K
  class space    used 16140K, capacity 17651K, committed 17740K, reserved 1048576K
}
Event: 2411.789 GC heap after
{Heap after GC invocations=120 (full 0):
 garbage-first heap   total 272384K, used 134838K [0x0000000080000000, 0x0000000100000000)
  region size 1024K, 1 young (1024K), 1 survivors (1024K)
 Metaspace       used 128234K, capacity 132271K, committed 132608K, reserved 1165312K
  class space    used 16140K, capacity 17651K, committed 17740K, reserved 1048576K
}
Event: 5391.982 GC heap before
{Heap before GC invocations=120 (full 0):
 garbage-first heap   total 272384K, used 197302K [0x0000000080000000, 0x0000000100000000)
  region size 1024K, 62 young (63488K), 1 survivors (1024K)
 Metaspace       used 128280K, capacity 132295K, committed 132608K, reserved 1165312K
  class space    used 16142K, capacity 17656K, committed 17740K, reserved 1048576K
}
Event: 5392.006 GC heap after
{Heap after GC invocations=121 (full 0):
 garbage-first heap   total 272384K, used 135410K [0x0000000080000000, 0x0000000100000000)
  region size 1024K, 2 young (2048K), 2 survivors (2048K)
 Metaspace       used 128280K, capacity 132295K, committed 132608K, reserved 1165312K
  class space    used 16142K, capacity 17656K, committed 17740K, reserved 1048576K
}

